C51 COMPILER V9.54   MAIN                                                                  08/01/2019 01:30:07 PAGE 1   


C51 COMPILER V9.54, COMPILATION OF MODULE MAIN
OBJECT MODULE PLACED IN .\Objects\main.obj
COMPILER INVOKED BY: E:\Keil_v5\C51\BIN\C51.EXE main.c OPTIMIZE(8,SPEED) BROWSE DEBUG OBJECTEXTEND PRINT(.\Listings\main
                    -.lst) OBJECT(.\Objects\main.obj)

line level    source

   1          #include<Reg52.h>
   2          #include<math.h> //用于取绝对值
   3          sbit ain1 = P1 ^ 0;//左电机//定义输出到电机管脚 
   4          sbit ain2 = P1 ^ 1;
   5          sbit bin1 = P1 ^ 2;//右电机
   6          sbit bin2 = P1 ^ 3;
   7          sbit pwma = P1 ^ 4;//pwm输出管脚
   8          sbit pwmb = P1 ^ 5;
   9          sbit button = P1 ^ 6;
  10          unsigned char t1 = 0;//PWM计时因子
  11          unsigned char ain_pwm = 0;//pwm输出值
  12          unsigned char bin_pwm = 0;
  13          unsigned char Left_Speed = 0;//车速
  14          unsigned char Right_Speed = 0;
  15          unsigned char tempbuf;  //存储接收到的信息
  16          unsigned int aMotorPulse = 0;//记录a电机编码器脉冲
  17          unsigned int bMotorPulse = 0;
  18          unsigned int aMotorSpeed = 0;//编码器a电机速度，单位：r/min
  19          unsigned int bMotorSpeed = 0;
  20          unsigned char aMotorSpeed_string[]={"A:---"};//字符速度
  21          unsigned char bMotorSpeed_string[]={"B:---"};
  22          unsigned int t2 = 0;//编码盘速度计时因子
  23          /*******************
  24          函数：电机驱动子函数
  25          参数：速度，值范围（-100至100）
  26          ********************/
  27          void Run(char left_speed, char right_speed)
  28          {
  29   1              if (left_speed < 0) {
  30   2                      ain1 = 0;
  31   2                      ain2 = 1;
  32   2              }
  33   1              if (left_speed > 0) {
  34   2                      ain1 = 1;
  35   2                      ain2 = 0;
  36   2              }
  37   1              if (left_speed == 0) {
  38   2                      ain1 = 0;
  39   2                      ain2 = 0;
  40   2              }
  41   1              ain_pwm = abs(left_speed);
  42   1              if (right_speed < 0) {
  43   2                      bin1 = 0;
  44   2                      bin2 = 1;
  45   2              }
  46   1              if (right_speed > 0) {
  47   2                      bin1 = 1;
  48   2                      bin2 = 0;
  49   2              }
  50   1              if (right_speed == 0) {
  51   2                      bin1 = 0;
  52   2                      bin2 = 0;
  53   2              }
  54   1              bin_pwm = abs(right_speed);
C51 COMPILER V9.54   MAIN                                                                  08/01/2019 01:30:07 PAGE 2   

  55   1      }
  56          /*******************
  57          函数：初始化定时器0
  58          参数：
  59          ********************/
  60          void Timer0Init(void)           //20微秒@11.0592MHz
  61          {
  62   1              TMOD |= 0x01;//模式1 16位 
  63   1              TL0 = 0x23;             //设置定时初值
  64   1              TH0 = 0xFF;             //设置定时初值
  65   1              EA = 1; //开总中断
  66   1              ET0 = 1;        //开定0中断
  67   1              TR0 = 1;  //开定时器
  68   1      }
  69          /*******************
  70          函数：定时器0输出PWM
  71          参数：
  72          ********************/
  73          void IT0_interrupt() interrupt 1 
  74          {
  75   1              TL0 = 0x23;             //设置定时初值
  76   1              TH0 = 0xFF;             //设置定时初值
  77   1              t1++;//PWM计时因子
  78   1              if (t1 == ain_pwm) {
  79   2                      pwma = ~pwma;
  80   2              }
  81   1              if (t1 == bin_pwm) {
  82   2                      pwmb = ~pwmb;
  83   2              }
  84   1              else if (t1 == 100) {
  85   2                      t1 = 0;
  86   2                      pwma = 1;
  87   2                      pwmb = 1;
  88   2              }
  89   1      
  90   1              t2++; //
  91   1              if (t2 == 50*500) {//0.5s         //60
  92   2                      aMotorSpeed = aMotorPulse * 30 / 561 ;//24脉冲 
  93   2                      bMotorSpeed = bMotorPulse * 30 / 561;//24脉冲 
  94   2                      aMotorPulse = 0;
  95   2                      bMotorPulse = 0;
  96   2                      t2 = 0;
  97   2              }
  98   1      }
  99          /*******************
 100          函数：初始化蓝牙串口
 101          参数：
 102          ********************/
 103          void BlueteethInit()
 104          {
 105   1              SCON = 0x50;    //串口模式1，允许接收
 106   1              TMOD |= 0x20;   //T1工作模式为2，自动重装
 107   1              PCON = 0x00;    //波特率不倍增
 108   1              REN = 1;
 109   1              TH1 = 0xfd;             //设置波特率为9600
 110   1              TL1 = 0xfd;
 111   1              RI = 0;
 112   1              EA = 1;
 113   1              ES = 1;
 114   1              TR1 = 1;
 115   1      }
 116          /*******************
C51 COMPILER V9.54   MAIN                                                                  08/01/2019 01:30:07 PAGE 3   

 117          函数：蓝牙串口
 118          参数：
 119          ********************/
 120          void Serial(void) interrupt 4
 121          {
 122   1              tempbuf = SBUF;
 123   1              RI = 0; //读标志清零
 124   1              SBUF = tempbuf; //将内容返回到手机端，可在手机查看发送的内容
 125   1              while (!TI);
 126   1              TI = 0; //写标志清零
 127   1      }
 128          /*******************
 129          函数：通过串口控制车前进后退
 130          参数：
 131          ********************/
 132          void ControlCar() {
 133   1              if (tempbuf == 'q') {//前进
 134   2                      Run(Left_Speed, Right_Speed);
 135   2              }
 136   1              if (tempbuf == 'h') {//后退
 137   2                      Run(-Left_Speed, -Right_Speed);
 138   2              }
 139   1              if (tempbuf == 'z') {//左转
 140   2                      Run(-Left_Speed, Right_Speed);
 141   2              }
 142   1              if (tempbuf == 'y') {//右转
 143   2                      Run(Left_Speed, -Right_Speed);
 144   2              }
 145   1              if (tempbuf == 't') {//停车
 146   2                      Run(0, 0);
 147   2              }
 148   1              if (tempbuf == '9') {//停车
 149   2                      Left_Speed = 90;
 150   2                      Right_Speed = 90;
 151   2              }
 152   1              if (tempbuf == '5') {//停车
 153   2                      Left_Speed = 50;
 154   2                      Right_Speed = 50;
 155   2              }
 156   1      
 157   1      }
 158          /*******************
 159          函数：延时毫米
 160          ********************/
 161          void DelayMS(unsigned int ms)
 162          {
 163   1              unsigned char i;
 164   1              while (ms--)
 165   1              {
 166   2                      for (i = 0; i < 120; i++);
 167   2              }
 168   1      }
 169          /*******************
 170          函数：开启外部中断
 171          ********************/
 172          void initEX()
 173          {
 174   1              //EA = 1;
 175   1              EX0 = 1;
 176   1              IT0 = 1;
 177   1              EX1 = 1;
 178   1              IT1 = 1;
C51 COMPILER V9.54   MAIN                                                                  08/01/2019 01:30:07 PAGE 4   

 179   1      }
 180          
 181          /*******************
 182          函数：脉冲计数
 183          ********************/
 184          void EX0_interrupt() interrupt 0
 185          {
 186   1              aMotorPulse++;//a电机编码器计数加
 187   1      }
 188          /*******************
 189          函数：脉冲计数
 190          ********************/
 191          void EX1_interrupt() interrupt 2
 192          {
 193   1              bMotorPulse++;//a电机编码器计数加
 194   1      }
 195          
 196          /*******************
 197          函数：发送字节
 198          ********************/
 199          void SendByte(unsigned char str)
 200          {
 201   1              ES =0;//不关闭会产生干扰
 202   1              if (TI == 0)
 203   1              {
 204   2                      SBUF = str;
 205   2                      while (TI == 0);
 206   2                      TI = 0;
 207   2              }
 208   1              ES =1;
 209   1      }
 210          
 211          /*******************
 212          函数：发送字节
 213          ********************/
 214          void SendByte2(unsigned char str)
 215          {
 216   1              //ES =0;//不关闭会产生干扰
 217   1              if (TI == 0)
 218   1              {
 219   2                      SBUF = str;
 220   2                      while (TI == 0);
 221   2                      TI = 0;
 222   2              }
 223   1              //ES =1;
 224   1      }
 225          /*******************
 226          函数：发送字符串
 227          ********************/
 228          void SendString(unsigned char *s)
 229          {
 230   1              ES =0;//不关闭会产生干扰
 231   1              while (*s != 0)
 232   1              {
 233   2                      SendByte2(*s++);
 234   2              }
 235   1              ES =1;
 236   1      }
 237          void Format_DateTime(unsigned char d,unsigned char *a)
 238          {
 239   1              a[0]=d/100+'0';         //取百位
 240   1              a[1]=d/10%10+'0';       //取十位
C51 COMPILER V9.54   MAIN                                                                  08/01/2019 01:30:07 PAGE 5   

 241   1              a[2]=d%10+'0';          //取个位
 242   1      }
 243          /*******************
 244          函数：主函数
 245          ********************/
 246          void main()
 247          {
 248   1              unsigned char P10 = 0;
 249   1              unsigned char i_send = 0;
 250   1              Timer0Init();//定时器初始化，20微秒@11.0592MHz//
 251   1              initEX();//外部中断初始化
 252   1              BlueteethInit();//蓝牙串口初始化
 253   1              Run(0, 0);
 254   1              button = 1;//P2.6置1
 255   1              Left_Speed = 50;
 256   1              Right_Speed = 50;
 257   1              while (1)
 258   1              {
 259   2                      if (P10 == 0)//测试电机是否运行
 260   2                      {
 261   3                              if (button == 0)//检测开关P1.6按下
 262   3                              {
 263   4                                      Run(-99, -99);//让电机直行
 264   4                                      DelayMS(500);
 265   4                                      Run(-Left_Speed, Right_Speed);
 266   4                                      DelayMS(500);
 267   4                                      ain1 = 0;
 268   4                                      ain2 = 0;
 269   4                                      bin1 = 0;
 270   4                                      bin2 = 0;
 271   4                                      P10 = 1;
 272   4                              }
 273   3                              else {
 274   4                                      ain1 = 0;
 275   4                                      ain2 = 0;
 276   4                                      bin1 = 0;
 277   4                                      bin2 = 0;
 278   4                              }
 279   3                      }
 280   2              
 281   2                      if (P10 == 1) //测试串口是否运行,即先按停止按钮开始
 282   2                      {
 283   3                              if (tempbuf == 't')
 284   3                              {
 285   4                                      Run(99, 99);
 286   4                                      DelayMS(500);
 287   4                                      Run(0, 0);
 288   4                                      P10 = 2;
 289   4                              }
 290   3                      }
 291   2                      
 292   2                      if (P10 == 2)//测试蓝牙反馈是否正常
 293   2                      {
 294   3                              SendByte('A');
 295   3                              SendByte('B');
 296   3                              SendByte('2');
 297   3                              SendByte('0');
 298   3                              SendString("Ready");
 299   3                              P10 = 3;        
 300   3                              
 301   3                      }
 302   2                      if (P10 == 3)//测试速度反馈是否正常
C51 COMPILER V9.54   MAIN                                                                  08/01/2019 01:30:07 PAGE 6   

 303   2                      {       
 304   3                              
 305   3                              aMotorSpeed = 150; //测试固定速度
 306   3                              bMotorSpeed = 201; 
 307   3                              Format_DateTime(aMotorSpeed,aMotorSpeed_string+2);//变化把长整形变为字符串
 308   3                              Format_DateTime(bMotorSpeed,bMotorSpeed_string+2);
 309   3                              SendString(aMotorSpeed_string);//发送速度字符串
 310   3                              SendString(bMotorSpeed_string);
 311   3                              Run(50,50);
 312   3                              DelayMS(5000);
 313   3                              Format_DateTime(aMotorSpeed,aMotorSpeed_string+2);//发送实时速度字符串
 314   3                              Format_DateTime(bMotorSpeed,bMotorSpeed_string+2);
 315   3                              SendString(aMotorSpeed_string);
 316   3                              SendString(bMotorSpeed_string);
 317   3                              Run(0,0);
 318   3                              P10 = 4;
 319   3                              
 320   3                      }
 321   2                      if (P10 == 4) //正式开始运行
 322   2                      {
 323   3                              ControlCar();//蓝牙控制前进
 324   3                              //P10 = 2;
 325   3                      }
 326   2      
 327   2              }
 328   1      }


MODULE INFORMATION:   STATIC OVERLAYABLE
   CODE SIZE        =    807    ----
   CONSTANT SIZE    =      6    ----
   XDATA SIZE       =   ----    ----
   PDATA SIZE       =   ----    ----
   DATA SIZE        =     28       6
   IDATA SIZE       =   ----    ----
   BIT SIZE         =   ----    ----
END OF MODULE INFORMATION.


C51 COMPILATION COMPLETE.  0 WARNING(S),  0 ERROR(S)
