C51 COMPILER V9.54   MAIN                                                                  07/30/2019 23:42:43 PAGE 1   


C51 COMPILER V9.54, COMPILATION OF MODULE MAIN
OBJECT MODULE PLACED IN .\Objects\main.obj
COMPILER INVOKED BY: E:\Keil_v5\C51\BIN\C51.EXE main.c OPTIMIZE(8,SPEED) BROWSE DEBUG OBJECTEXTEND PRINT(.\Listings\main
                    -.lst) OBJECT(.\Objects\main.obj)

line level    source

   1          #include<Reg52.h>
   2          #include<math.h> //用于取绝对值
   3          sbit ain1 = P1 ^ 0;//左电机//定义输出到电机管脚 
   4          sbit ain2 = P1 ^ 1;
   5          sbit bin1 = P1 ^ 2;//右电机
   6          sbit bin2 = P1 ^ 3;
   7          sbit pwma = P1 ^ 4;//pwm输出管脚
   8          sbit pwmb = P1 ^ 5;
   9          sbit button = P1 ^ 6;
  10          unsigned char t1 = 0;//计时因子
  11          unsigned char ain_pwm = 0;//pwm输出值
  12          unsigned char bin_pwm = 0;
  13          unsigned char Left_Speed = 0;//车速
  14          unsigned char Right_Speed = 0;
  15          unsigned char tempbuf;  //存储接收到的信息
  16          
  17          /*******************
  18          函数：电机驱动子函数
  19          参数：速度，值范围（-100至100）
  20          ********************/
  21          void Run(char left_speed, char right_speed)
  22          {
  23   1              if (left_speed < 0) {
  24   2                      ain1 = 0;
  25   2                      ain2 = 1;
  26   2              }
  27   1              if (left_speed > 0) {
  28   2                      ain1 = 1;
  29   2                      ain2 = 0;
  30   2              }
  31   1              if (left_speed == 0) {
  32   2                      ain1 = 0;
  33   2                      ain2 = 0;
  34   2              }
  35   1              ain_pwm = abs(left_speed);
  36   1              if (right_speed < 0) {
  37   2                      bin1 = 0;
  38   2                      bin2 = 1;
  39   2              }
  40   1              if (right_speed > 0) {
  41   2                      bin1 = 1;
  42   2                      bin2 = 0;
  43   2              }
  44   1              if (right_speed == 0) {
  45   2                      bin1 = 0;
  46   2                      bin2 = 0;
  47   2              }
  48   1              bin_pwm = abs(right_speed);
  49   1      }
  50          /*******************
  51          函数：初始化定时器0
  52          参数：
  53          ********************/
  54          void Timer0Init(void)           //100微秒@11.0592MHz
C51 COMPILER V9.54   MAIN                                                                  07/30/2019 23:42:43 PAGE 2   

  55          {
  56   1              TMOD |= 0x01;//模式1 16位 
  57   1              TL0 = 0x23;             //设置定时初值
  58   1              TH0 = 0xFF;             //设置定时初值
  59   1              EA = 1; //开总中断
  60   1              ET0 = 1;        //开定0中断
  61   1              TR0 = 1;  //开定时器
  62   1      }
  63          /*******************
  64          函数：定时器0输出PWM
  65          参数：
  66          ********************/
  67          void IT0_interrupt() interrupt 1
  68          {
  69   1              TL0 = 0x23;             //设置定时初值
  70   1              TH0 = 0xFF;             //设置定时初值
  71   1              t1++;
  72   1              if (t1 == ain_pwm) {
  73   2                      pwma = ~pwma;
  74   2              }
  75   1              if (t1 == bin_pwm) {
  76   2                      pwmb = ~pwmb;
  77   2              }
  78   1              else if (t1 == 100) {
  79   2                      t1 = 0;
  80   2                      pwma = 1;
  81   2                      pwmb = 1;
  82   2              }
  83   1      
  84   1      }
  85          /*******************
  86          函数：初始化蓝牙串口
  87          参数：
  88          ********************/
  89          void BlueteethInit()
  90          {
  91   1              SCON = 0x50;    //串口模式1，允许接收
  92   1              TMOD |= 0x20;   //T1工作模式为2，自动重装
  93   1              PCON = 0x00;    //波特率不倍增
  94   1              REN = 1;
  95   1              TH1 = 0xfd;             //设置波特率为9600
  96   1              TL1 = 0xfd;
  97   1              RI = 0;
  98   1              EA = 1;
  99   1              ES = 1;
 100   1              TR1 = 1;
 101   1      
 102   1      }
 103          /*******************
 104          函数：蓝牙串口
 105          参数：
 106          ********************/
 107          void Serial(void) interrupt 4
 108          {
 109   1              tempbuf = SBUF;
 110   1              RI = 0; //读标志清零
 111   1              SBUF = tempbuf; //将内容返回到手机端，可在手机查看发送的内容
 112   1              while (!TI);
 113   1              TI = 0; //写标志清零
 114   1      }
 115          /*******************
 116          函数：通过串口控制车前进后退
C51 COMPILER V9.54   MAIN                                                                  07/30/2019 23:42:43 PAGE 3   

 117          参数：
 118          ********************/
 119          void ControlCar() {
 120   1              if (tempbuf == 'q') {//前进
 121   2                      Run(Left_Speed, Right_Speed);
 122   2              }
 123   1              if (tempbuf == 'h') {//后退
 124   2                      Run(-Left_Speed, -Right_Speed);
 125   2              }
 126   1              if (tempbuf == 'z') {//左转
 127   2                      Run(Left_Speed, Right_Speed+30);
 128   2              }
 129   1              if (tempbuf == 'y') {//右转
 130   2                      Run(Left_Speed+30, Right_Speed);
 131   2              }
 132   1              if (tempbuf == 't') {//停车
 133   2                      Run(0, 0);
 134   2              }
 135   1              if (tempbuf == '9') {//停车
 136   2                      Left_Speed = 90;
 137   2                      Right_Speed = 90;
 138   2              }
 139   1              if (tempbuf == '5') {//停车
 140   2                      Left_Speed = 50;
 141   2                      Right_Speed = 50;
 142   2              }
 143   1      
 144   1      }
 145          /*******************
 146          函数：延时毫米
 147          ********************/
 148          void DelayMS(unsigned int ms)
 149          {
 150   1              unsigned char i;
 151   1              while (ms--)
 152   1              {
 153   2                      for (i = 0; i < 120; i++);
 154   2              }
 155   1      }
 156          /*******************
 157          函数：主函数
 158          ********************/
 159          void main()
 160          {
 161   1              unsigned char P10 = 0;
 162   1              Timer0Init();//20微秒@11.0592MHz//
 163   1              BlueteethInit();//蓝牙串口初始化
 164   1              Run(0, 0);
 165   1              button = 1;//P2.6置1
 166   1              Left_Speed = 50;
 167   1              Right_Speed = 50;
 168   1              while (1)
 169   1              {
 170   2                      if (P10 == 0)//测试电机是否运行
 171   2                      {
 172   3                              if (button == 0)//检测开关P1.6按下
 173   3                              {
 174   4                                      Run(-99, -99);//让电机直行
 175   4                                      DelayMS(500);
 176   4                                      Run(-Left_Speed, Right_Speed);
 177   4                                      DelayMS(500);
 178   4                                      ain1 = 0;
C51 COMPILER V9.54   MAIN                                                                  07/30/2019 23:42:43 PAGE 4   

 179   4                                      ain2 = 0;
 180   4                                      bin1 = 0;
 181   4                                      bin2 = 0;
 182   4                                      P10 = 1;
 183   4                              }
 184   3                              else {
 185   4                                      ain1 = 0;
 186   4                                      ain2 = 0;
 187   4                                      bin1 = 0;
 188   4                                      bin2 = 0;
 189   4                              }
 190   3                      }
 191   2                      if (P10 == 1) //测试串口是否运行,即先按停止按钮开始
 192   2                      {
 193   3                              if (tempbuf == 't')
 194   3                              {
 195   4                                      Run(99, 99);
 196   4                                      DelayMS(500);
 197   4                                      Run(0, 0);
 198   4                                      P10 = 2;
 199   4                              }
 200   3                      }
 201   2                      if (P10 == 2) //正式开始运行
 202   2                      {
 203   3                              ControlCar();//蓝牙控制前进
 204   3                              //P10 = 2;
 205   3                      }
 206   2      
 207   2              }
 208   1      }


MODULE INFORMATION:   STATIC OVERLAYABLE
   CODE SIZE        =    421    ----
   CONSTANT SIZE    =   ----    ----
   XDATA SIZE       =   ----    ----
   PDATA SIZE       =   ----    ----
   DATA SIZE        =      6       2
   IDATA SIZE       =   ----    ----
   BIT SIZE         =   ----    ----
END OF MODULE INFORMATION.


C51 COMPILATION COMPLETE.  0 WARNING(S),  0 ERROR(S)
